<?xml version="1.0" encoding="UTF-8"?>
<!-- Generated by org.testng.reporters.JUnitReportReporter -->
<testsuite hostname="DESKTOP-91071EB" failures="0" tests="1" name="com.zysk.addresshealth.tests.ErrorValidationTest" time="6.215" errors="0" timestamp="17 Dec 2022 19:10:19 GMT" skipped="0">
  <testcase classname="com.zysk.addresshealth.tests.ErrorValidationTest" name="errorValidation" time="6.215"/>
</testsuite> <!-- com.zysk.addresshealth.tests.ErrorValidationTest -->
