<?xml version="1.0" encoding="UTF-8"?>
<!-- Generated by org.testng.reporters.JUnitReportReporter -->
<testsuite hostname="DESKTOP-91071EB" failures="0" tests="2" name="com.zysk.addresshealth.tests.ALoginTest" time="7.763" errors="0" timestamp="17 Dec 2022 19:10:19 GMT" skipped="0">
  <testcase classname="com.zysk.addresshealth.tests.ALoginTest" name="submitOrder" time="3.481"/>
  <testcase classname="com.zysk.addresshealth.tests.ALoginTest" name="submitOrder" time="4.282"/>
</testsuite> <!-- com.zysk.addresshealth.tests.ALoginTest -->
